Flow report for b4_carry_lookahead_adder
Tue Sep 04 21:06:29 2018
Quartus II 64-Bit Version 13.0.1 Build 232 06/12/2013 Service Pack 1 SJ Web Edition


---------------------
; Table of Contents ;
---------------------
  1. Legal Notice
  2. Flow Summary
  3. Flow Settings
  4. Flow Non-Default Global Settings
  5. Flow Elapsed Time
  6. Flow OS Summary
  7. Flow Log
  8. Flow Messages
  9. Flow Suppressed Messages



----------------
; Legal Notice ;
----------------
Copyright (C) 1991-2013 Altera Corporation
Your use of Altera Corporation's design tools, logic functions 
and other software and tools, and its AMPP partner logic 
functions, and any output files from any of the foregoing 
(including device programming or simulation files), and any 
associated documentation or information are expressly subject 
to the terms and conditions of the Altera Program License 
Subscription Agreement, Altera MegaCore Function License 
Agreement, or other applicable license agreement, including, 
without limitation, that your use is for the sole purpose of 
programming logic devices manufactured by Altera and sold by 
Altera or its authorized distributors.  Please refer to the 
applicable agreement for further details.



+--------------------------------------------------------------------------------------+
; Flow Summary                                                                         ;
+------------------------------------+-------------------------------------------------+
; Flow Status                        ; Successful - Tue Sep 04 21:06:29 2018           ;
; Quartus II 64-Bit Version          ; 13.0.1 Build 232 06/12/2013 SP 1 SJ Web Edition ;
; Revision Name                      ; b4_carry_lookahead_adder                        ;
; Top-level Entity Name              ; b4_carry_lookahead_adder                        ;
; Family                             ; Cyclone IV E                                    ;
; Total logic elements               ; 7                                               ;
;     Total combinational functions  ; 7                                               ;
;     Dedicated logic registers      ; 0                                               ;
; Total registers                    ; 0                                               ;
; Total pins                         ; 12                                              ;
; Total virtual pins                 ; 0                                               ;
; Total memory bits                  ; 0                                               ;
; Embedded Multiplier 9-bit elements ; 0                                               ;
; Total PLLs                         ; 0                                               ;
+------------------------------------+-------------------------------------------------+


+----------------------------------------------+
; Flow Settings                                ;
+-------------------+--------------------------+
; Option            ; Setting                  ;
+-------------------+--------------------------+
; Start date & time ; 09/04/2018 21:06:28      ;
; Main task         ; Compilation              ;
; Revision Name     ; b4_carry_lookahead_adder ;
+-------------------+--------------------------+


+------------------------------------------------------------------------------------------------------------------------------------+
; Flow Non-Default Global Settings                                                                                                   ;
+--------------------------------------+---------------------------------+---------------+-------------+-----------------------------+
; Assignment Name                      ; Value                           ; Default Value ; Entity Name ; Section Id                  ;
+--------------------------------------+---------------------------------+---------------+-------------+-----------------------------+
; COMPILER_SIGNATURE_ID                ; 1095778030714.153608798802036   ; --            ; --          ; --                          ;
; EDA_DESIGN_INSTANCE_NAME             ; NA                              ; --            ; --          ; tb_b4_carry_lookahead_adder ;
; EDA_NATIVELINK_SIMULATION_TEST_BENCH ; tb_b4_carry_lookahead_adder     ; --            ; --          ; eda_simulation              ;
; EDA_OUTPUT_DATA_FORMAT               ; Vhdl                            ; --            ; --          ; eda_simulation              ;
; EDA_SIMULATION_TOOL                  ; ModelSim-Altera (VHDL)          ; <None>        ; --          ; --                          ;
; EDA_TEST_BENCH_ENABLE_STATUS         ; TEST_BENCH_MODE                 ; --            ; --          ; eda_simulation              ;
; EDA_TEST_BENCH_FILE                  ; tb_b4_carry_lookahead_adder.vhd ; --            ; --          ; tb_b4_carry_lookahead_adder ;
; EDA_TEST_BENCH_MODULE_NAME           ; tb_b4_carry_lookahead_adder     ; --            ; --          ; tb_b4_carry_lookahead_adder ;
; EDA_TEST_BENCH_NAME                  ; tb_b4_carry_lookahead_adder     ; --            ; --          ; eda_simulation              ;
; PARTITION_COLOR                      ; 16764057                        ; --            ; --          ; Top                         ;
; PARTITION_FITTER_PRESERVATION_LEVEL  ; PLACEMENT_AND_ROUTING           ; --            ; --          ; Top                         ;
; PARTITION_NETLIST_TYPE               ; SOURCE                          ; --            ; --          ; Top                         ;
; PROJECT_OUTPUT_DIRECTORY             ; output_files                    ; --            ; --          ; --                          ;
+--------------------------------------+---------------------------------+---------------+-------------+-----------------------------+


+--------------------------------------------------------------------------------------------------------------------------+
; Flow Elapsed Time                                                                                                        ;
+----------------------+--------------+-------------------------+---------------------+------------------------------------+
; Module Name          ; Elapsed Time ; Average Processors Used ; Peak Virtual Memory ; Total CPU Time (on all processors) ;
+----------------------+--------------+-------------------------+---------------------+------------------------------------+
; Analysis & Synthesis ; 00:00:02     ; 1.0                     ; 461 MB              ; 00:00:02                           ;
; Total                ; 00:00:02     ; --                      ; --                  ; 00:00:02                           ;
+----------------------+--------------+-------------------------+---------------------+------------------------------------+


+-----------------------------------------------------------------------------------+
; Flow OS Summary                                                                   ;
+----------------------+------------------+-----------+------------+----------------+
; Module Name          ; Machine Hostname ; OS Name   ; OS Version ; Processor type ;
+----------------------+------------------+-----------+------------+----------------+
; Analysis & Synthesis ; EMOLINDSBER2F67  ; Windows 7 ; 6.1        ; x86_64         ;
+----------------------+------------------+-----------+------------+----------------+


------------
; Flow Log ;
------------
quartus_map --read_settings_files=on --write_settings_files=off b4_carry_lookahead_adder -c b4_carry_lookahead_adder



